<?xml version="1.0" encoding="UTF-8"?>
<testsuites name="jest tests" tests="2" failures="0" time="2.525">
  <testsuite name="Funkcja filterItems" errors="0" failures="0" skipped="0" timestamp="2021-04-19T07:58:46" time="1.408" tests="2">
    <testcase classname="Funkcja filterItems powinna zwrócić tablicę" name="Funkcja filterItems powinna zwrócić tablicę" time="0.001">
    </testcase>
    <testcase classname="Funkcja filterItems powinna zwrócić tylko jedna tablicę z liczbami dodatnimi" name="Funkcja filterItems powinna zwrócić tylko jedna tablicę z liczbami dodatnimi" time="0.002">
    </testcase>
  </testsuite>
</testsuites>